<?xml version="1.0" encoding="UTF-8"?>
<!-- Generated by org.testng.reporters.JUnitXMLReporter -->
<testsuite hostname="LAPTOP-91C2J4K6" ignored="2" name="Test" tests="2" failures="0" timestamp="07 Jul 2022 13:37:44 GMT" time="0.035" errors="0">
  <testcase name="Test1" time="0.006" classname="a01_annotationTest.GroupAnntationTest"/>
  <testcase name="Test2" time="0.002" classname="a01_annotationTest.GroupAnntationTest"/>
  <testcase name="Test3" time="0.0" classname="a01_annotationTest.GroupAnntationTest">
    <ignored/>
  </testcase> <!-- Test3 -->
  <testcase name="Test4" time="0.0" classname="a01_annotationTest.GroupAnntationTest">
    <ignored/>
  </testcase> <!-- Test4 -->
</testsuite> <!-- Test -->
