<?xml version="1.0" encoding="UTF-8"?>
<!-- Generated by org.testng.reporters.JUnitXMLReporter -->
<testsuite hostname="LAPTOP-91C2J4K6" ignored="0" name="GRP-Regression" tests="4" failures="0" timestamp="15 Jun 2022 04:39:47 GMT" time="0.064" errors="0">
  <testcase name="Test1" time="0.015" classname="a02_keywordTest.GroupsTest"/>
  <testcase name="Test2" time="0.002" classname="a02_keywordTest.GroupsTest"/>
  <testcase name="Test3" time="0.003" classname="a02_keywordTest.GroupsTest"/>
  <testcase name="Test4" time="0.001" classname="a02_keywordTest.GroupsTest"/>
</testsuite> <!-- GRP-Regression -->
