<?xml version="1.0" encoding="UTF-8"?>
<!-- Generated by org.testng.reporters.JUnitXMLReporter -->
<testsuite hostname="LAPTOP-91C2J4K6" ignored="4" name="GRP-sanity" tests="4" failures="0" timestamp="15 Jun 2022 04:58:52 GMT" time="0.057" errors="0">
  <testcase name="Test1" time="0.005" classname="a02_keywordTest.GroupsTest"/>
  <testcase name="Test2" time="0.001" classname="a02_keywordTest.GroupsTest"/>
  <testcase name="Test1" time="0.001" classname="a01_annotationTest.GroupAnntationTest"/>
  <testcase name="Test2" time="0.002" classname="a01_annotationTest.GroupAnntationTest"/>
  <testcase name="Test3" time="0.0" classname="a01_annotationTest.GroupAnntationTest">
    <ignored/>
  </testcase> <!-- Test3 -->
  <testcase name="Test3" time="0.0" classname="a02_keywordTest.GroupsTest">
    <ignored/>
  </testcase> <!-- Test3 -->
  <testcase name="Test4" time="0.0" classname="a01_annotationTest.GroupAnntationTest">
    <ignored/>
  </testcase> <!-- Test4 -->
  <testcase name="Test4" time="0.0" classname="a02_keywordTest.GroupsTest">
    <ignored/>
  </testcase> <!-- Test4 -->
</testsuite> <!-- GRP-sanity -->
